2022-09-03 19:11:29.135731600000 [$pid(ThreadId 5)] ERROR APP - user error (<getModule> loaded module can not find from path. <c:\MathParser\src\Lib.hs> [("Main","C:/MathParser/test/Spec.hs")])
2022-09-03 19:13:17.222739300000 [$pid(ThreadId 5)] ERROR APP - user error (<getModule> loaded module can not find from path. <c:\MathParser\src\Lib.hs> [("Main","C:/MathParser/test/Spec.hs")])
2022-09-03 19:13:17.229772800000 [$pid(ThreadId 5)] ERROR APP - user error (<getModule> loaded module can not find from path. <c:\MathParser\app\Main.hs> [("Main","C:/MathParser/test/Spec.hs")])
2022-09-03 19:15:09.908427900000 [$pid(ThreadId 5)] ERROR APP - user error (<getModule> loaded module can not find from path. <c:\MathParser\src\Lib.hs> [("Main","C:/MathParser/test/Spec.hs")])
2022-09-03 19:15:09.916428400000 [$pid(ThreadId 5)] ERROR APP - user error (<getModule> loaded module can not find from path. <c:\MathParser\app\Main.hs> [("Main","C:/MathParser/test/Spec.hs")])
2022-09-03 19:16:01.705041100000 [$pid(ThreadId 5)] ERROR APP - user error (<getModule> loaded module can not find from path. <c:\MathParser\src\Lib.hs> [("Main","C:/MathParser/test/Spec.hs")])
2022-09-03 19:16:01.712041600000 [$pid(ThreadId 5)] ERROR APP - user error (<getModule> loaded module can not find from path. <c:\MathParser\test\Main.hs> [("Main","C:/MathParser/test/Spec.hs")])
2022-09-03 19:17:14.130749900000 [$pid(ThreadId 5)] ERROR APP - user error (<getModule> loaded module can not find from path. <c:\MathParser\test\Spec.hs> [("Lib","C:\\MathParser\\src\\Lib.hs"),("Main","C:/MathParser/app/Main.hs")])
2022-09-03 19:17:46.113647800000 [$pid(ThreadId 5)] ERROR APP - user error (<getModule> loaded module can not find from path. <c:\MathParser\test\Spec.hs> [("Lib","C:\\MathParser\\src\\Lib.hs"),("Main","C:/MathParser/app/Main.hs")])
2022-09-03 19:18:06.677708700000 [$pid(ThreadId 5)] ERROR APP - user error (<getModule> loaded module can not find from path. <c:\MathParser\src\Lib.hs> [])
2022-09-03 19:18:06.686708000000 [$pid(ThreadId 5)] ERROR APP - user error (<getModule> loaded module can not find from path. <c:\MathParser\app\Main.hs> [])
2022-09-03 19:18:06.693707900000 [$pid(ThreadId 5)] ERROR APP - user error (<getModule> loaded module can not find from path. <c:\MathParser\test\Spec.hs> [])
2022-09-03 19:18:06.749707900000 [$pid(ThreadId 5)] ERROR APP - start debugging failed. user error (ExecResult not found.) : Left "user error (ExecResult not found.)"
2022-09-03 19:26:38.287535900000 [$pid(ThreadId 5)] ERROR APP - user error (<getModule> loaded module can not find from path. <c:\MathParser\src\Lib.hs> [("Main","C:/MathParser/app/Main.hs")])
2022-09-03 19:26:38.306534900000 [$pid(ThreadId 5)] ERROR APP - user error (<getModule> loaded module can not find from path. <c:\MathParser\test\Spec.hs> [("Main","C:/MathParser/app/Main.hs")])
2022-09-03 19:26:51.118278200000 [$pid(ThreadId 5)] ERROR APP - user error (no stacktrace found.)
2022-09-03 19:26:51.162274800000 [$pid(ThreadId 5)] ERROR APP - user error (no stacktrace found.)
2022-09-03 19:26:54.907814800000 [$pid(ThreadId 5)] ERROR APP - user error (ExecResult not found.)
2022-09-04 22:23:31.504141900000 [$pid(ThreadId 5)] ERROR APP - user error (<getModule> loaded module can not find from path. <c:\MathParser\src\Lib.hs> [("Main","C:/MathParser/app/Main.hs")])
2022-09-04 22:23:31.519141300000 [$pid(ThreadId 5)] ERROR APP - user error (<getModule> loaded module can not find from path. <c:\MathParser\test\Spec.hs> [("Main","C:/MathParser/app/Main.hs")])
2022-09-05 18:30:14.142197000000 [$pid(ThreadId 5)] ERROR APP - user error (<getModule> loaded module can not find from path. <c:\MathParser\src\Lib.hs> [("Main","C:/MathParser/app/Main.hs")])
2022-09-05 18:30:14.160167900000 [$pid(ThreadId 5)] ERROR APP - user error (<getModule> loaded module can not find from path. <c:\MathParser\test\Spec.hs> [("Main","C:/MathParser/app/Main.hs")])
2022-09-05 18:48:45.067801900000 [$pid(ThreadId 5)] ERROR APP - user error (<getModule> loaded module can not find from path. <c:\MathParser\src\Lib.hs> [("Main","C:/MathParser/app/Main.hs")])
2022-09-05 18:48:45.084799700000 [$pid(ThreadId 5)] ERROR APP - user error (<getModule> loaded module can not find from path. <c:\MathParser\test\Spec.hs> [("Main","C:/MathParser/app/Main.hs")])
2022-09-05 18:50:09.061131800000 [$pid(ThreadId 5)] ERROR APP - user error (<getModule> loaded module can not find from path. <c:\MathParser\src\Lib.hs> [("Main","C:/MathParser/app/Main.hs")])
2022-09-05 18:50:09.075131500000 [$pid(ThreadId 5)] ERROR APP - user error (<getModule> loaded module can not find from path. <c:\MathParser\test\Spec.hs> [("Main","C:/MathParser/app/Main.hs")])
2022-09-05 19:26:32.718041400000 [$pid(ThreadId 5)] ERROR APP - user error (<getModule> loaded module can not find from path. <c:\MathParser\src\Lib.hs> [("Main","C:/MathParser/app/Main.hs")])
2022-09-05 19:26:32.731041500000 [$pid(ThreadId 5)] ERROR APP - user error (<getModule> loaded module can not find from path. <c:\MathParser\test\Spec.hs> [("Main","C:/MathParser/app/Main.hs")])
2022-09-05 19:27:02.940331500000 [$pid(ThreadId 5)] ERROR APP - user error (no stacktrace found.)
2022-09-05 19:27:02.988336900000 [$pid(ThreadId 5)] ERROR APP - user error (no stacktrace found.)
2022-09-05 19:29:05.324834600000 [$pid(ThreadId 5)] ERROR APP - user error (<getModule> loaded module can not find from path. <c:\MathParser\src\Lib.hs> [("Main","C:/MathParser/app/Main.hs")])
2022-09-05 19:29:05.340831000000 [$pid(ThreadId 5)] ERROR APP - user error (<getModule> loaded module can not find from path. <c:\MathParser\test\Spec.hs> [("Main","C:/MathParser/app/Main.hs")])
2022-09-05 19:41:45.513278200000 [$pid(ThreadId 5)] ERROR APP - user error (<getModule> loaded module can not find from path. <c:\MathParser\src\Lib.hs> [("Main","C:/MathParser/app/Main.hs")])
2022-09-05 19:41:45.524275500000 [$pid(ThreadId 5)] ERROR APP - user error (<getModule> loaded module can not find from path. <c:\MathParser\test\Spec.hs> [("Main","C:/MathParser/app/Main.hs")])
2022-09-05 19:42:23.071087400000 [$pid(ThreadId 5)] ERROR APP - user error (<getModule> loaded module can not find from path. <c:\MathParser\src\Lib.hs> [("Main","C:/MathParser/app/Main.hs")])
2022-09-05 19:42:23.082086100000 [$pid(ThreadId 5)] ERROR APP - user error (<getModule> loaded module can not find from path. <c:\MathParser\test\Spec.hs> [("Main","C:/MathParser/app/Main.hs")])
2022-09-05 19:43:29.295745700000 [$pid(ThreadId 5)] ERROR APP - user error (<getModule> loaded module can not find from path. <c:\MathParser\src\Lib.hs> [("Main","C:/MathParser/app/Main.hs")])
2022-09-05 19:43:29.316745400000 [$pid(ThreadId 5)] ERROR APP - user error (<getModule> loaded module can not find from path. <c:\MathParser\test\Spec.hs> [("Main","C:/MathParser/app/Main.hs")])
2022-09-05 22:16:19.817869100000 [$pid(ThreadId 5)] ERROR APP - user error (<getModule> loaded module can not find from path. <c:\MathParser\test\Spec.hs> [])
2022-09-05 22:16:19.910869200000 [$pid(ThreadId 5)] ERROR APP - start debugging failed. user error (ExecResult not found.) : Left "user error (ExecResult not found.)"
2022-09-05 22:16:50.851867100000 [$pid(ThreadId 5)] ERROR APP - user error (<getModule> loaded module can not find from path. <c:\MathParser\test\Spec.hs> [])
2022-09-05 22:16:50.896868200000 [$pid(ThreadId 5)] ERROR APP - start debugging failed. user error (ExecResult not found.) : Left "user error (ExecResult not found.)"
2022-09-05 22:18:11.416853600000 [$pid(ThreadId 5)] ERROR APP - user error (<getModule> loaded module can not find from path. <c:\MathParser\test\Spec.hs> [("Main","C:/MathParser/app/Main.hs")])
